Sinal de KILL recebido. (298)
Sinal de KILL recebido. (298)
Banco ger foi disconectado. (1015)
Sinal de KILL recebido. (298)
Banco ger foi disconectado. (1015)
Banco ger foi disconectado. (1015)
Banco com foi disconectado. (1015)
Banco suporte foi disconectado. (1015)
Banco com foi disconectado. (1015)
Banco suporte foi disconectado. (1015)
Banco adm foi disconectado. (1015)
Banco ecommerce foi disconectado. (1015)
Banco com foi disconectado. (1015)
Banco suporte foi disconectado. (1015)
Banco adm foi disconectado. (1015)
Sinal de KILL recebido. (298)
Banco ger foi disconectado. (1015)
Banco com foi disconectado. (1015)
Banco suporte foi disconectado. (1015)
Banco adm foi disconectado. (1015)
Sinal de KILL recebido. (298)
Sinal de KILL recebido. (298)
Banco ger foi disconectado. (1015)
Banco com foi disconectado. (1015)
Banco ecommerce foi disconectado. (1015)
Banco ger foi disconectado. (1015)
Banco com foi disconectado. (1015)
Banco suporte foi disconectado. (1015)
Banco suporte foi disconectado. (1015)
Banco adm foi disconectado. (1015)
Banco ecommerce foi disconectado. (1015)
Banco adm foi disconectado. (1015)
Banco ecommerce foi disconectado. (1015)
Banco ecommerce foi disconectado. (1015)
Sinal de KILL recebido. (298)
Banco ger foi disconectado. (1015)
Banco com foi disconectado. (1015)
Banco suporte foi disconectado. (1015)
Banco adm foi disconectado. (1015)
Banco ecommerce foi disconectado. (1015)
Banco adm foi disconectado. (1015)
Banco ecommerce foi disconectado. (1015)
Sinal de KILL recebido. (298)
Banco ger foi disconectado. (1015)
Banco com foi disconectado. (1015)
Banco suporte foi disconectado. (1015)
Banco adm foi disconectado. (1015)
Banco ecommerce foi disconectado. (1015)
Sinal de KILL recebido. (298)
Banco ger foi disconectado. (1015)
Banco com foi disconectado. (1015)
Banco suporte foi disconectado. (1015)
Banco adm foi disconectado. (1015)
Banco ecommerce foi disconectado. (1015)
