314838  27 1273797387 25/06/2001 05 
    00   1 1017074233 27/06/2001 12 
145181  12 1122606003 28/06/2001 05 
  1021   7 1079981261 25/06/2001 12 
322249  26 1263075343 30/06/2001 05 
    00   1 1017074253 30/06/2001 12 
100080   7 1072259961 30/06/2001 05 
100080   7 1079981290 02/07/2001 12 
    00   1 1017074262 02/07/2001 12 
320146  26 1263076723 02/07/2001 05 
337694  25 1254064663 03/07/2001 05 
    00   1 1017074269 04/07/2001 12 
    00   1 1017074272 04/07/2001 12 
308900  25 1254066053 05/07/2001 05 
 90000   1 1010012585 05/07/2001 05 
 90000   1 1010000008 05/07/2001 05 
    01  17 1175276152 05/07/2001 12 
 92825  97 0009713390 05/07/2001 06 
    01  29 1300001242 06/07/2001 06 
262986  23 1233572494 07/07/2001 05 
400282  97 0009713478 07/07/2001 06 
300225  18 1184050332 07/07/2001 05 
   445   6 1066072095 09/07/2001 12 
292397   9 1094365982 10/07/2001 05 
326599  26 1263079192 10/07/2001 05 
 84296  97 0009713608 11/07/2001 15 
  3211  36 1364452135 12/07/2001 05 
    00  34 1349682059 12/07/2001 12 
    00  34 1349682062 12/07/2001 12 
    00   1 1017074304 13/07/2001 12 
    00   1 1017074308 14/07/2001 12 
400470   7 1079981356 17/07/2001 06 
  4502  42 1424419520 14/08/2001 05 
 90000   1 1010000256 15/08/2001 05 
    17  17 1175276221 17/08/2001 12 
  3211  38 1385084255 17/08/2001 05 
401299  31 1313639819 28/08/2001 05 
197154  33 1334480751 30/08/2001 05 
283746  26 1264769808 29/08/2001 05 
323970  26 1264760613 31/08/2001 05 
323970  26 1264760827 03/09/2001 05 
    00   0 0038932001 19/09/2001 06 
    00   0 0000038920 19/09/2001 06 
320900  25 1255423588 01/10/2001 05 
288020  25 1255423588 01/10/2001 05 
336949  30 1309705952 01/10/2001 06 
957770  13 1135671307 02/10/2001 05 
324014  25 1255423890 02/10/2001 05 
288020  25 1254880424 06/10/2001 05 
197154  25 1255421850 09/10/2001 05 
   401  40 1409725647 09/10/2001 06 
   247  25 1255429121 11/10/2001 05 
302201  13 1135676121 13/10/2001 05 
321204  25 1255427784 18/10/2001 05 
328456  25 1259986594 24/10/2001 06 
117608  25 1259986594 24/10/2001 06 
299740   3 1035512260 27/10/2001 05 
288020  25 1255426506 30/10/2001 05 
247936  26 1264193157 31/10/2001 05 
321204  25 1254881475 06/11/2001 05 
321204  25 1254884602 09/11/2001 05 
337694  25 1254885246 12/11/2001 05 
302058   8 1086529503 13/11/2001 05 
  4006  40 1405119624 13/11/2001 05 
459087  19 1196562066 08/11/2001 05 
 52111  19 1196564653 09/11/2001 05 
458732  19 1196564929 13/11/2001 05 
321204  25 1254886755 17/11/2001 05 
321204  25 1254887520 17/11/2001 05 
299740   3 1035515908 17/11/2001 05 
   122  26 1269720555 16/11/2001 06 
400164  19 1198280217 21/11/2001 12 
321204  25 1254887652 21/11/2001 05 
337694  25 1259986675 23/11/2001 06 
290874  30 1309706127 26/11/2001 06 
321594  30 1309706127 26/11/2001 06 
197154  33 1335799975 26/11/2001 05 
282316  42 1429998817 28/11/2001 06 
558084   3 1035516577 30/11/2001 05 
324014  25 1256704881 08/12/2001 05 
548797  23 1239739447 11/12/2001 06 
266507   5 1057112815 11/12/2001 05 
  2747   3 1036582772 15/12/2001 05 
302570  26 1266895179 27/12/2001 05 
459343  41 1417292513 28/12/2001 05 
131660  13 1137193242 28/12/2001 05 
321204  25 1256707244 28/12/2001 05 
  1441  19 1194648615 24/12/2001 05 
324014  25 1257539346 31/12/2001 05 
    00   0          ? 02/01/2002 00 
    00   0          ? 03/01/2002 00 
458692   8 1087338997 09/01/2002 05 
197154  29 1297320808 12/01/2002 05 
131660  13 1140000870 16/01/2002 06 
324014  25 1257530814 17/01/2002 05 
321204  25 1257531515 18/01/2002 05 
300852  19 1198279563 26/01/2002 05 
197154  33 1338131734 28/01/2002 05 
262986  23 1237140989 29/01/2002 05 
302570  26 1267930653 31/01/2002 05 
483865   3 1037103173 01/02/2002 05 
321204  25 1256705675 01/02/2002 05 
   230  25 1254726331 07/02/2002 05 
197154  33 1338137771 08/02/2002 05 
302570  26 1267932615 15/02/2002 05 
401986  19 1194651763 15/02/2002 05 
483865   3 1040000401 15/02/2002 12 
401986  19 1194651970 16/02/2002 05 
401986  19 1190003035 18/02/2002 05 
401986  19 1190003066 22/02/2002 05 
 30664  19 1198274397 23/02/2002 05 
401986  19 1194651053 25/02/2002 05 
401986  19 1190003088 25/02/2002 05 
401986  19 1190003104 26/02/2002 05 
401986  19 1190003124 27/02/2002 05 
401986  19 1190003133 28/02/2002 05 
401986  19 1194654276 28/02/2002 05 
302570  26 1269720831 01/03/2002 06 
401986  19 1190003142 01/03/2002 05 
401986  19 1190003155 02/03/2002 05 
401986  19 1190003169 04/03/2002 05 
401986  19 1190003196 07/03/2002 05 
401986  19 1190003206 08/03/2002 05 
448821  19 1198272685 11/03/2002 05 
401986  19 1194650465 11/03/2002 05 
401986  19 1190003221 11/03/2002 05 
401986  19 1190003217 09/03/2002 05 
401986  19 1190003236 12/03/2002 05 
401986  19 1190003286 13/03/2002 05 
401986  19 1190003293 14/03/2002 05 
401986  19 1190003305 15/03/2002 05 
401986  19 1190003319 16/03/2002 05 
401986  19 1190003321 18/03/2002 05 
401986  19 1194647925 20/03/2002 05 
155037  31 0000002037 19/03/2002 08 
491157  31 0000002037 19/03/2002 08 
 15115  31 0000002037 19/03/2002 08 
200231   0 0000000203 19/03/2002 08 
401986  19 1190003335 19/03/2002 05 
499252  51 1518854601 21/03/2002 05 
401986  19 1190003359 21/03/2002 05 
401986  19 1190003367 22/03/2002 05 
401986  19 1193249581 23/03/2002 05 
401986  19 1190003376 23/03/2002 05 
401986  19 1190003383 25/03/2002 05 
359348  29 1297430309 26/03/2002 05 
324014  25 1258523553 28/03/2002 05 
282820  29 1298421139 30/03/2002 05 
321204  25 1258526627 03/04/2002 05 
 45959  42 1428817943 03/04/2002 05 
   999  19 1190009995 03/04/2002 05 
   999  19 1190000999 03/04/2002 05 
 28416  19 1199024980 06/04/2002 05 
 28416  19 1199021205 08/04/2002 05 
 28416  19 1199025567 08/04/2002 05 
458703  14 1146727585 06/04/2002 05 
244679  18 1186243421 11/04/2002 05 
422726  26 1267224279 18/04/2002 05 
433044  52 1529692517 19/04/2002 05 
100408  24 1249686571 24/04/2002 06 
246921   9 1098910836 24/04/2002 05 
419184  30 1308256965 27/04/2002 05 
291285  29 1297441039 29/04/2002 05 
 29973  41 1419387035 30/04/2002 05 
 22953  33 1339821048 02/05/2002 05 
308552  33 1339821048 02/05/2002 05 
311766  21 1219292300 04/05/2002 05 
 45913  41 1419387597 04/05/2002 05 
290874   3 1040000556 09/05/2002 06 
403034  30 1307061040 18/05/2002 05 
324014  25 1250039546 27/05/2002 05 
321204  25 1250039873 30/05/2002 05 
400664  27 1279839875 04/06/2002 06 
400664  27 1279839876 04/06/2002 06 
464067  27 1279839877 05/06/2002 06 
464067  27 1279839880 05/06/2002 06 
249874  18 1189641557 07/06/2002 05 
302570  26 1260004717 12/06/2002 05 
469685  38 1380491236 12/06/2002 05 
    00  51 0000000009 27/06/2002 06 
   874   0 0000040509 27/06/2002 06 
    00   9 0000000009 27/06/2002 06 
    00   0 0000006401 27/06/2002 05 
    00   9 0000069509 27/06/2002 06 
    00   0 0006970582 27/06/2002 06 
    00   0 0000697353 27/06/2002 06 
    00   0 0000006980 27/06/2002 06 
    00   0 0000854603 27/06/2002 06 
    00   8 0000085502 27/06/2002 06 
    00  10 0000000009 27/06/2002 06 
    00   0 0000648953 27/06/2002 06 
    00   9 0000006509 27/06/2002 06 
    00   9 0000006564 27/06/2002 06 
    00   9 0000006565 27/06/2002 06 
    00   9 0000006625 27/06/2002 06 
    00   0 0000006783 27/06/2002 06 
    00   9 0000678509 27/06/2002 06 
   409   ? 0000000460 27/06/2002 06 
    00   ? 0000000460 27/06/2002 06 
   230  25 1258580861 02/07/2002 05 
314828  18 1189655300 03/07/2002 05 
321204  25 1250732084 06/07/2002 05 
466220  49 1490223032 20/07/2002 05 
460963  35 1351084694 31/07/2002 05 
400353  35 1351086779 06/08/2002 05 
468786  49 1490227573 07/08/2002 05 
 29954   3 1030741204 12/08/2002 05 
197154  28 1281404428 21/08/2002 05 
   230  25 1259987707 22/08/2002 06 
101478  36 1368458619 23/08/2002 05 
466346  28 1289844372 24/08/2002 12 
 11442  36 1361976492 04/09/2002 05 
 21803  30 1302192524 06/09/2002 05 
469371  38 1381749790 05/09/2002 05 
468556  35 1350461690 14/09/2002 05 
469371  38 1380514412 18/09/2002 05 
467091  49 1490213295 28/09/2002 05 
    00   0 0000017629 01/10/2002 06 
 29973  49 1490217662 10/10/2002 05 
324014  25 1251397467 01/11/2002 05 
 11300  19 1193192153 09/11/2002 05 
468661  49 1491576332 14/11/2002 05 
469318  28 1283387834 02/12/2002 05 
321204  25 1253176508 05/12/2002 05 
321204  25 1252921176 10/12/2002 05 
961941   9 1093624782 12/12/2002 05 
458346   5 1053971270 12/12/2002 05 
 19795  19 1193198189 17/12/2002 05 
429325   4 1040906835 20/12/2002 05 
402905   4 1047584235 21/12/2002 05 
469020   4 2130268638 06/01/2003 05 
    00   0          ? 30/01/2003 06 
    00   0          ? 30/01/2003 06 
643644   5 2130536099 02/04/2003 05 
455649  19 2139646765 17/04/2003 06 
