[16:42:06] 

------[ LOG worldmap.log STARTED AT Fri Jul 18 16:42:06 2003 ]--------------------------------------------------------------

[16:42:06] WORLDMAP Firing Up
[16:42:06] Copyright© 2002, Vander Nunes - Virtware.net

[16:42:06] Creating application window ............................ [16:42:06] [ PASSED ]
[16:42:06] Creating device object ................................. [16:42:07] [ PASSED ]
[16:42:07] Creating 3D object ..................................... [16:42:07] [ PASSED ]
[16:42:07] Creating 3D renderer ................................... [16:42:08] [ PASSED - HW device selected ]
[16:42:08] Creating system console ................................ [16:42:08] [ PASSED ]
[16:42:08] Creating planet earth .................................. [16:42:08] [ PASSED ]
[16:42:08] Creating earth clouds .................................. [16:42:09] [ PASSED ]
[16:42:09] Creating sun ........................................... [16:42:09] [ PASSED ]
[16:42:09] Creating lens flares ................................... [16:42:09] [ PASSED ]
[16:42:09] Creating moon .......................................... [16:42:09] [ PASSED ]
[16:42:09] Creating city mesh ..................................... [16:42:09] [ PASSED ]
[16:42:09] Creating scene object .................................. [16:42:09] [ PASSED ]
[16:42:09] Creating cameras ....................................... [16:42:09] [ PASSED ]
[16:42:09] Creating scene illumination ............................ [16:42:09] [ PASSED ]
[16:42:09] Creating fonts ......................................... [16:42:09] [ PASSED ]
[16:42:09] Creating star field .................................... [16:42:09] [ PASSED ]
[16:42:09] Time spent on initialization ........................... [ 3.29 seconds ]
[16:42:09] System initialized.

[16:46:19] Shutting down the system ............................... [16:46:20] [ PASSED ]
[16:46:20] Exiting.
